app/build/outputs/logs/manifest-merger-debug-report.txt
-- Merging decision tree log ---
manifest
ADDED from src/main/AndroidManifest.xml:2:1-215:12
INJECTED from src/main/AndroidManifest.xml:2:1-215:12
INJECTED from src/main/AndroidManifest.xml:2:1-215:12
INJECTED from src/main/AndroidManifest.xml:2:1-215:12
MERGED from [com.android.support:multidex:1.0.2] AndroidManifest.xml:17:1-22:12
MERGED from [com.google.android.gms:play-services:9.6.1] AndroidManifest.xml:2:1-6:12
MERGED from [com.google.android.gms:play-services-cast-framework:9.6.1] AndroidManifest.xml:2:1-9:12
MERGED from [com.google.android.gms:play-services-cast:9.6.1] AndroidManifest.xml:16:1-19:12
MERGED from [com.android.support:mediarouter-v7:24.0.0] AndroidManifest.xml:17:1-24:12
MERGED from [com.android.support:appcompat-v7:24.0.0] AndroidManifest.xml:17:1-27:12
MERGED from [com.google.android.gms:play-services-ads:9.6.1] AndroidManifest.xml:16:1-18:12
MERGED from [com.google.android.gms:play-services-ads-lite:9.6.1] AndroidManifest.xml:16:1-28:12
MERGED from [com.google.android.gms:play-services-analytics:9.6.1] AndroidManifest.xml:16:1-27:12
MERGED from [com.google.android.gms:play-services-tagmanager:9.6.1] AndroidManifest.xml:16:1-18:12
MERGED from [com.google.android.gms:play-services-analytics-impl:9.6.1] AndroidManifest.xml:16:1-27:12
MERGED from [com.google.android.gms:play-services-appinvite:9.6.1] AndroidManifest.xml:16:1-27:12
MERGED from [com.google.android.gms:play-services-auth:9.6.1] AndroidManifest.xml:16:1-26:12
MERGED from [com.google.android.gms:play-services-auth-base:9.6.1] AndroidManifest.xml:2:1-5:12
MERGED from [com.google.android.gms:play-services-clearcut:9.6.1] AndroidManifest.xml:16:1-19:12
MERGED from [com.google.firebase:firebase-config:9.6.1] AndroidManifest.xml:16:1-19:12
MERGED from [com.google.android.gms:play-services-awareness:9.6.1] AndroidManifest.xml:16:1-19:12
MERGED from [com.google.android.gms:play-services-games:9.6.1] AndroidManifest.xml:16:1-19:12
MERGED from [com.google.android.gms:play-services-drive:9.6.1] AndroidManifest.xml:16:1-19:12
MERGED from [com.google.firebase:firebase-auth:9.6.1] AndroidManifest.xml:16:1-21:12
MERGED from [com.google.firebase:firebase-auth-common:9.6.1] AndroidManifest.xml:16:1-21:12
MERGED from [com.google.firebase:firebase-auth-module:9.6.1] AndroidManifest.xml:2:1-5:12
MERGED from [com.google.android.gms:play-services-fitness:9.6.1] AndroidManifest.xml:16:1-19:12
MERGED from [com.google.android.gms:play-services-gcm:9.6.1] AndroidManifest.xml:16:1-24:12
MERGED from [com.google.android.gms:play-services-appindexing:9.6.1] AndroidManifest.xml:16:1-19:12
MERGED from [com.google.android.gms:play-services-wallet:9.6.1] AndroidManifest.xml:16:1-20:12
MERGED from [com.google.android.gms:play-services-identity:9.6.1] AndroidManifest.xml:16:1-19:12
MERGED from [com.google.android.gms:play-services-iid:9.6.1] AndroidManifest.xml:16:1-24:12
MERGED from [com.google.android.gms:play-services-instantapps:9.6.1] AndroidManifest.xml:2:1-4:12
MERGED from [com.google.android.gms:play-services-location:9.6.1] AndroidManifest.xml:2:1-5:12
MERGED from [com.google.android.gms:play-services-places:9.6.1] AndroidManifest.xml:16:1-19:12
MERGED from [com.google.android.gms:play-services-maps:9.6.1] AndroidManifest.xml:16:1-25:12
MERGED from [com.google.android.gms:play-services-nearby:9.6.1] AndroidManifest.xml:2:1-6:12
MERGED from [com.google.android.gms:play-services-panorama:9.6.1] AndroidManifest.xml:16:1-19:12
MERGED from [com.google.android.gms:play-services-plus:9.6.1] AndroidManifest.xml:16:1-19:12
MERGED from [com.google.android.gms:play-services-safetynet:9.6.1] AndroidManifest.xml:16:1-19:12
MERGED from [com.google.android.gms:play-services-vision:9.6.1] AndroidManifest.xml:2:1-5:12
MERGED from [com.google.android.gms:play-services-wearable:9.6.1] AndroidManifest.xml:16:1-19:12
MERGED from [com.google.android.gms:play-services-base:9.6.1] AndroidManifest.xml:16:1-21:12
MERGED from [com.google.firebase:firebase-crash:9.6.1] AndroidManifest.xml:16:1-30:12
MERGED from [com.google.firebase:firebase-database:9.6.1] AndroidManifest.xml:2:1-4:12
MERGED from [com.google.firebase:firebase-database-connection:9.6.1] AndroidManifest.xml:2:1-4:12
MERGED from [com.google.firebase:firebase-messaging:9.6.1] AndroidManifest.xml:16:1-30:12
MERGED from [com.google.android.gms:play-services-tagmanager-api:9.6.1] AndroidManifest.xml:16:1-34:12
MERGED from [com.google.firebase:firebase-analytics:9.6.1] AndroidManifest.xml:16:1-34:12
MERGED from [com.google.firebase:firebase-analytics-impl:9.6.1] AndroidManifest.xml:16:1-29:12
MERGED from [com.google.firebase:firebase-iid:9.6.1] AndroidManifest.xml:16:1-51:12
MERGED from [com.google.firebase:firebase-storage:9.6.1] AndroidManifest.xml:2:1-4:12
MERGED from [com.google.firebase:firebase-storage-common:9.6.1] AndroidManifest.xml:2:1-4:12
MERGED from [com.google.firebase:firebase-common:9.6.1] AndroidManifest.xml:2:1-8:12
MERGED from [com.google.android.gms:play-services-gass:9.6.1] AndroidManifest.xml:2:1-5:12
MERGED from [com.google.android.gms:play-services-tasks:9.6.1] AndroidManifest.xml:2:1-5:12
MERGED from [com.google.android.gms:play-services-basement:9.6.1] AndroidManifest.xml:16:1-23:12
MERGED from [com.android.support:palette-v7:24.0.0] AndroidManifest.xml:17:1-25:12
MERGED from [com.android.support:animated-vector-drawable:24.0.0] AndroidManifest.xml:17:1-24:12
MERGED from [com.android.support:support-vector-drawable:24.0.0] AndroidManifest.xml:17:1-25:12
MERGED from [com.android.support:support-v4:24.0.0] AndroidManifest.xml:17:1-27:12
INJECTED from src/main/AndroidManifest.xml:2:1-215:12
INJECTED from src/main/AndroidManifest.xml:2:1-215:12
INJECTED from src/main/AndroidManifest.xml:2:1-215:12
	package
		ADDED from src/main/AndroidManifest.xml:4:5-37
		INJECTED from src/main/AndroidManifest.xml
		INJECTED from src/main/AndroidManifest.xml
	android:versionName
		ADDED from src/main/AndroidManifest.xml:6:5-30
		INJECTED from src/main/AndroidManifest.xml
		INJECTED from src/main/AndroidManifest.xml
	xmlns:tools
		ADDED from src/main/AndroidManifest.xml:3:5-51
	xmlns:android
		ADDED from src/main/AndroidManifest.xml:2:11-69
	android:versionCode
		ADDED from src/main/AndroidManifest.xml:5:5-28
		INJECTED from src/main/AndroidManifest.xml
		INJECTED from src/main/AndroidManifest.xml
uses-permission#android.permission.WRITE_EXTERNAL_STORAGE
ADDED from src/main/AndroidManifest.xml:8:5-81
	android:name
		ADDED from src/main/AndroidManifest.xml:8:22-78
uses-permission#android.permission.INTERNET
ADDED from src/main/AndroidManifest.xml:9:5-67
MERGED from [com.google.android.gms:play-services-ads-lite:9.6.1] AndroidManifest.xml:19:5-66
MERGED from [com.google.android.gms:play-services-ads-lite:9.6.1] AndroidManifest.xml:19:5-66
MERGED from [com.google.android.gms:play-services-analytics:9.6.1] AndroidManifest.xml:20:5-66
MERGED from [com.google.android.gms:play-services-analytics:9.6.1] AndroidManifest.xml:20:5-66
MERGED from [com.google.android.gms:play-services-analytics-impl:9.6.1] AndroidManifest.xml:20:5-66
MERGED from [com.google.android.gms:play-services-analytics-impl:9.6.1] AndroidManifest.xml:20:5-66
MERGED from [com.google.android.gms:play-services-appinvite:9.6.1] AndroidManifest.xml:18:5-66
MERGED from [com.google.android.gms:play-services-appinvite:9.6.1] AndroidManifest.xml:18:5-66
MERGED from [com.google.android.gms:play-services-gcm:9.6.1] AndroidManifest.xml:21:5-66
MERGED from [com.google.android.gms:play-services-gcm:9.6.1] AndroidManifest.xml:21:5-66
MERGED from [com.google.android.gms:play-services-iid:9.6.1] AndroidManifest.xml:21:5-66
MERGED from [com.google.android.gms:play-services-iid:9.6.1] AndroidManifest.xml:21:5-66
MERGED from [com.google.android.gms:play-services-maps:9.6.1] AndroidManifest.xml:20:5-66
MERGED from [com.google.android.gms:play-services-maps:9.6.1] AndroidManifest.xml:20:5-66
MERGED from [com.google.firebase:firebase-crash:9.6.1] AndroidManifest.xml:18:5-66
MERGED from [com.google.firebase:firebase-crash:9.6.1] AndroidManifest.xml:18:5-66
MERGED from [com.google.android.gms:play-services-tagmanager-api:9.6.1] AndroidManifest.xml:20:5-66
MERGED from [com.google.android.gms:play-services-tagmanager-api:9.6.1] AndroidManifest.xml:20:5-66
MERGED from [com.google.firebase:firebase-analytics:9.6.1] AndroidManifest.xml:20:5-66
MERGED from [com.google.firebase:firebase-analytics:9.6.1] AndroidManifest.xml:20:5-66
MERGED from [com.google.firebase:firebase-analytics-impl:9.6.1] AndroidManifest.xml:20:5-66
MERGED from [com.google.firebase:firebase-analytics-impl:9.6.1] AndroidManifest.xml:20:5-66
MERGED from [com.google.firebase:firebase-iid:9.6.1] AndroidManifest.xml:20:5-66
MERGED from [com.google.firebase:firebase-iid:9.6.1] AndroidManifest.xml:20:5-66
	android:name
		ADDED from src/main/AndroidManifest.xml:9:22-64
uses-permission#com.google.android.providers.gsf.permission.READ_GSERVICES
ADDED from src/main/AndroidManifest.xml:10:5-98
	android:name
		ADDED from src/main/AndroidManifest.xml:10:22-95
uses-permission#android.permission.ACCESS_COARSE_LOCATION
ADDED from src/main/AndroidManifest.xml:11:5-81
	android:name
		ADDED from src/main/AndroidManifest.xml:11:22-78
uses-permission#android.permission.ACCESS_FINE_LOCATION
ADDED from src/main/AndroidManifest.xml:12:5-79
	android:name
		ADDED from src/main/AndroidManifest.xml:12:22-76
uses-permission#com.compass.ilogistics.permission.MAPS_RECEIVE
ADDED from src/main/AndroidManifest.xml:13:5-86
	android:name
		ADDED from src/main/AndroidManifest.xml:13:22-83
uses-permission#android.permission.CALL_PHONE
ADDED from src/main/AndroidManifest.xml:14:3-66
	android:name
		ADDED from src/main/AndroidManifest.xml:14:20-64
permission#com.compass.ilogistics.permission.MAPS_RECEIVE
ADDED from src/main/AndroidManifest.xml:16:5-18:47
	android:protectionLevel
		ADDED from src/main/AndroidManifest.xml:18:9-44
	android:name
		ADDED from src/main/AndroidManifest.xml:17:9-70
uses-feature#0x00020000
ADDED from src/main/AndroidManifest.xml:20:5-22:35
MERGED from [com.google.android.gms:play-services-maps:9.6.1] AndroidManifest.xml:21:5-77
MERGED from [com.google.android.gms:play-services-maps:9.6.1] AndroidManifest.xml:21:5-77
	android:glEsVersion
		ADDED from src/main/AndroidManifest.xml:21:9-41
	android:required
		ADDED from src/main/AndroidManifest.xml:22:9-32
uses-permission#android.permission.ACCESS_NETWORK_STATE
ADDED from src/main/AndroidManifest.xml:25:5-79
MERGED from [com.google.android.gms:play-services-ads-lite:9.6.1] AndroidManifest.xml:20:5-78
MERGED from [com.google.android.gms:play-services-ads-lite:9.6.1] AndroidManifest.xml:20:5-78
MERGED from [com.google.android.gms:play-services-analytics:9.6.1] AndroidManifest.xml:21:5-78
MERGED from [com.google.android.gms:play-services-analytics:9.6.1] AndroidManifest.xml:21:5-78
MERGED from [com.google.android.gms:play-services-analytics-impl:9.6.1] AndroidManifest.xml:21:5-78
MERGED from [com.google.android.gms:play-services-analytics-impl:9.6.1] AndroidManifest.xml:21:5-78
MERGED from [com.google.android.gms:play-services-maps:9.6.1] AndroidManifest.xml:19:5-78
MERGED from [com.google.android.gms:play-services-maps:9.6.1] AndroidManifest.xml:19:5-78
MERGED from [com.google.android.gms:play-services-nearby:9.6.1] AndroidManifest.xml:4:5-78
MERGED from [com.google.android.gms:play-services-nearby:9.6.1] AndroidManifest.xml:4:5-78
MERGED from [com.google.android.gms:play-services-tagmanager-api:9.6.1] AndroidManifest.xml:21:5-78
MERGED from [com.google.android.gms:play-services-tagmanager-api:9.6.1] AndroidManifest.xml:21:5-78
MERGED from [com.google.firebase:firebase-analytics:9.6.1] AndroidManifest.xml:21:5-78
MERGED from [com.google.firebase:firebase-analytics:9.6.1] AndroidManifest.xml:21:5-78
MERGED from [com.google.firebase:firebase-analytics-impl:9.6.1] AndroidManifest.xml:21:5-78
MERGED from [com.google.firebase:firebase-analytics-impl:9.6.1] AndroidManifest.xml:21:5-78
MERGED from [com.google.firebase:firebase-iid:9.6.1] AndroidManifest.xml:19:5-78
MERGED from [com.google.firebase:firebase-iid:9.6.1] AndroidManifest.xml:19:5-78
	android:name
		ADDED from src/main/AndroidManifest.xml:25:22-76
uses-permission#android.permission.READ_PHONE_STATE
ADDED from src/main/AndroidManifest.xml:26:5-75
	android:name
		ADDED from src/main/AndroidManifest.xml:26:22-72
uses-permission#android.permission.CAMERA
ADDED from src/main/AndroidManifest.xml:29:5-65
	android:name
		ADDED from src/main/AndroidManifest.xml:29:22-62
permission#android.permission.FLASHLIGHT
ADDED from src/main/AndroidManifest.xml:31:5-34:44
	android:protectionLevel
		ADDED from src/main/AndroidManifest.xml:34:9-41
	android:permissionGroup
		ADDED from src/main/AndroidManifest.xml:33:9-77
	android:name
		ADDED from src/main/AndroidManifest.xml:32:9-53
uses-permission#android.permission.GET_ACCOUNTS
ADDED from src/main/AndroidManifest.xml:37:5-71
	android:name
		ADDED from src/main/AndroidManifest.xml:37:22-68
uses-permission#android.permission.WAKE_LOCK
ADDED from src/main/AndroidManifest.xml:38:5-68
MERGED from [com.google.android.gms:play-services-analytics:9.6.1] AndroidManifest.xml:24:5-67
MERGED from [com.google.android.gms:play-services-analytics:9.6.1] AndroidManifest.xml:24:5-67
MERGED from [com.google.android.gms:play-services-analytics-impl:9.6.1] AndroidManifest.xml:24:5-67
MERGED from [com.google.android.gms:play-services-analytics-impl:9.6.1] AndroidManifest.xml:24:5-67
MERGED from [com.google.firebase:firebase-analytics:9.6.1] AndroidManifest.xml:22:5-67
MERGED from [com.google.firebase:firebase-analytics:9.6.1] AndroidManifest.xml:22:5-67
MERGED from [com.google.firebase:firebase-analytics-impl:9.6.1] AndroidManifest.xml:22:5-67
MERGED from [com.google.firebase:firebase-analytics-impl:9.6.1] AndroidManifest.xml:22:5-67
MERGED from [com.google.firebase:firebase-iid:9.6.1] AndroidManifest.xml:21:5-67
MERGED from [com.google.firebase:firebase-iid:9.6.1] AndroidManifest.xml:21:5-67
	android:name
		ADDED from src/main/AndroidManifest.xml:38:22-65
permission#com.compass.ilogistics.permission.C2D_MESSAGE
ADDED from src/main/AndroidManifest.xml:40:5-42:47
MERGED from [com.google.firebase:firebase-iid:9.6.1] AndroidManifest.xml:24:5-109
	android:protectionLevel
		ADDED from src/main/AndroidManifest.xml:42:9-44
	android:name
		ADDED from src/main/AndroidManifest.xml:41:9-69
uses-permission#com.compass.ilogistics.permission.C2D_MESSAGE
ADDED from src/main/AndroidManifest.xml:44:5-85
MERGED from [com.google.firebase:firebase-iid:9.6.1] AndroidManifest.xml:26:5-78
	android:name
		ADDED from src/main/AndroidManifest.xml:44:22-82
uses-permission#com.google.android.c2dm.permission.RECEIVE
ADDED from src/main/AndroidManifest.xml:45:5-82
MERGED from [com.google.android.gms:play-services-gcm:9.6.1] AndroidManifest.xml:20:5-81
MERGED from [com.google.android.gms:play-services-gcm:9.6.1] AndroidManifest.xml:20:5-81
MERGED from [com.google.android.gms:play-services-iid:9.6.1] AndroidManifest.xml:20:5-81
MERGED from [com.google.android.gms:play-services-iid:9.6.1] AndroidManifest.xml:20:5-81
MERGED from [com.google.firebase:firebase-iid:9.6.1] AndroidManifest.xml:22:5-81
MERGED from [com.google.firebase:firebase-iid:9.6.1] AndroidManifest.xml:22:5-81
	android:name
		ADDED from src/main/AndroidManifest.xml:45:22-79
application
ADDED from src/main/AndroidManifest.xml:47:5-213:19
MERGED from [com.google.android.gms:play-services:9.6.1] AndroidManifest.xml:5:5-20
MERGED from [com.google.android.gms:play-services:9.6.1] AndroidManifest.xml:5:5-20
MERGED from [com.google.android.gms:play-services-cast-framework:9.6.1] AndroidManifest.xml:4:5-8:19
MERGED from [com.google.android.gms:play-services-cast-framework:9.6.1] AndroidManifest.xml:4:5-8:19
MERGED from [com.google.android.gms:play-services-cast:9.6.1] AndroidManifest.xml:18:5-19
MERGED from [com.google.android.gms:play-services-cast:9.6.1] AndroidManifest.xml:18:5-19
MERGED from [com.android.support:mediarouter-v7:24.0.0] AndroidManifest.xml:22:5-20
MERGED from [com.android.support:mediarouter-v7:24.0.0] AndroidManifest.xml:22:5-20
MERGED from [com.android.support:appcompat-v7:24.0.0] AndroidManifest.xml:25:5-20
MERGED from [com.android.support:appcompat-v7:24.0.0] AndroidManifest.xml:25:5-20
MERGED from [com.google.android.gms:play-services-ads-lite:9.6.1] AndroidManifest.xml:23:5-27:19
MERGED from [com.google.android.gms:play-services-ads-lite:9.6.1] AndroidManifest.xml:23:5-27:19
MERGED from [com.google.android.gms:play-services-analytics:9.6.1] AndroidManifest.xml:26:5-19
MERGED from [com.google.android.gms:play-services-analytics:9.6.1] AndroidManifest.xml:26:5-19
MERGED from [com.google.android.gms:play-services-analytics-impl:9.6.1] AndroidManifest.xml:26:5-19
MERGED from [com.google.android.gms:play-services-analytics-impl:9.6.1] AndroidManifest.xml:26:5-19
MERGED from [com.google.android.gms:play-services-appinvite:9.6.1] AndroidManifest.xml:19:5-26:19
MERGED from [com.google.android.gms:play-services-appinvite:9.6.1] AndroidManifest.xml:19:5-26:19
MERGED from [com.google.android.gms:play-services-auth:9.6.1] AndroidManifest.xml:19:5-25:19
MERGED from [com.google.android.gms:play-services-auth:9.6.1] AndroidManifest.xml:19:5-25:19
MERGED from [com.google.android.gms:play-services-clearcut:9.6.1] AndroidManifest.xml:18:5-19
MERGED from [com.google.android.gms:play-services-clearcut:9.6.1] AndroidManifest.xml:18:5-19
MERGED from [com.google.firebase:firebase-config:9.6.1] AndroidManifest.xml:18:5-19
MERGED from [com.google.firebase:firebase-config:9.6.1] AndroidManifest.xml:18:5-19
MERGED from [com.google.android.gms:play-services-awareness:9.6.1] AndroidManifest.xml:18:5-19
MERGED from [com.google.android.gms:play-services-awareness:9.6.1] AndroidManifest.xml:18:5-19
MERGED from [com.google.android.gms:play-services-games:9.6.1] AndroidManifest.xml:18:5-19
MERGED from [com.google.android.gms:play-services-games:9.6.1] AndroidManifest.xml:18:5-19
MERGED from [com.google.android.gms:play-services-drive:9.6.1] AndroidManifest.xml:18:5-19
MERGED from [com.google.android.gms:play-services-drive:9.6.1] AndroidManifest.xml:18:5-19
MERGED from [com.google.firebase:firebase-auth:9.6.1] AndroidManifest.xml:19:5-20:19
MERGED from [com.google.firebase:firebase-auth:9.6.1] AndroidManifest.xml:19:5-20:19
MERGED from [com.google.firebase:firebase-auth-common:9.6.1] AndroidManifest.xml:19:5-20:19
MERGED from [com.google.firebase:firebase-auth-common:9.6.1] AndroidManifest.xml:19:5-20:19
MERGED from [com.google.android.gms:play-services-fitness:9.6.1] AndroidManifest.xml:18:5-19
MERGED from [com.google.android.gms:play-services-fitness:9.6.1] AndroidManifest.xml:18:5-19
MERGED from [com.google.android.gms:play-services-gcm:9.6.1] AndroidManifest.xml:23:5-19
MERGED from [com.google.android.gms:play-services-gcm:9.6.1] AndroidManifest.xml:23:5-19
MERGED from [com.google.android.gms:play-services-appindexing:9.6.1] AndroidManifest.xml:18:5-19
MERGED from [com.google.android.gms:play-services-appindexing:9.6.1] AndroidManifest.xml:18:5-19
MERGED from [com.google.android.gms:play-services-identity:9.6.1] AndroidManifest.xml:18:5-19
MERGED from [com.google.android.gms:play-services-identity:9.6.1] AndroidManifest.xml:18:5-19
MERGED from [com.google.android.gms:play-services-iid:9.6.1] AndroidManifest.xml:23:5-19
MERGED from [com.google.android.gms:play-services-iid:9.6.1] AndroidManifest.xml:23:5-19
MERGED from [com.google.android.gms:play-services-location:9.6.1] AndroidManifest.xml:4:5-19
MERGED from [com.google.android.gms:play-services-location:9.6.1] AndroidManifest.xml:4:5-19
MERGED from [com.google.android.gms:play-services-places:9.6.1] AndroidManifest.xml:18:5-19
MERGED from [com.google.android.gms:play-services-places:9.6.1] AndroidManifest.xml:18:5-19
MERGED from [com.google.android.gms:play-services-maps:9.6.1] AndroidManifest.xml:24:5-19
MERGED from [com.google.android.gms:play-services-maps:9.6.1] AndroidManifest.xml:24:5-19
MERGED from [com.google.android.gms:play-services-nearby:9.6.1] AndroidManifest.xml:5:5-19
MERGED from [com.google.android.gms:play-services-nearby:9.6.1] AndroidManifest.xml:5:5-19
MERGED from [com.google.android.gms:play-services-panorama:9.6.1] AndroidManifest.xml:18:5-19
MERGED from [com.google.android.gms:play-services-panorama:9.6.1] AndroidManifest.xml:18:5-19
MERGED from [com.google.android.gms:play-services-plus:9.6.1] AndroidManifest.xml:18:5-19
MERGED from [com.google.android.gms:play-services-plus:9.6.1] AndroidManifest.xml:18:5-19
MERGED from [com.google.android.gms:play-services-safetynet:9.6.1] AndroidManifest.xml:18:5-19
MERGED from [com.google.android.gms:play-services-safetynet:9.6.1] AndroidManifest.xml:18:5-19
MERGED from [com.google.android.gms:play-services-vision:9.6.1] AndroidManifest.xml:4:5-19
MERGED from [com.google.android.gms:play-services-vision:9.6.1] AndroidManifest.xml:4:5-19
MERGED from [com.google.android.gms:play-services-wearable:9.6.1] AndroidManifest.xml:18:5-19
MERGED from [com.google.android.gms:play-services-wearable:9.6.1] AndroidManifest.xml:18:5-19
MERGED from [com.google.android.gms:play-services-base:9.6.1] AndroidManifest.xml:18:5-20:19
MERGED from [com.google.android.gms:play-services-base:9.6.1] AndroidManifest.xml:18:5-20:19
MERGED from [com.google.firebase:firebase-crash:9.6.1] AndroidManifest.xml:22:5-28:19
MERGED from [com.google.firebase:firebase-crash:9.6.1] AndroidManifest.xml:22:5-28:19
MERGED from [com.google.firebase:firebase-messaging:9.6.1] AndroidManifest.xml:19:5-29:19
MERGED from [com.google.firebase:firebase-messaging:9.6.1] AndroidManifest.xml:19:5-29:19
MERGED from [com.google.android.gms:play-services-tagmanager-api:9.6.1] AndroidManifest.xml:23:5-33:19
MERGED from [com.google.android.gms:play-services-tagmanager-api:9.6.1] AndroidManifest.xml:23:5-33:19
MERGED from [com.google.firebase:firebase-analytics:9.6.1] AndroidManifest.xml:24:5-33:19
MERGED from [com.google.firebase:firebase-analytics:9.6.1] AndroidManifest.xml:24:5-33:19
MERGED from [com.google.firebase:firebase-analytics-impl:9.6.1] AndroidManifest.xml:24:5-28:19
MERGED from [com.google.firebase:firebase-analytics-impl:9.6.1] AndroidManifest.xml:24:5-28:19
MERGED from [com.google.firebase:firebase-iid:9.6.1] AndroidManifest.xml:28:5-50:19
MERGED from [com.google.firebase:firebase-iid:9.6.1] AndroidManifest.xml:28:5-50:19
MERGED from [com.google.firebase:firebase-common:9.6.1] AndroidManifest.xml:4:5-7:19
MERGED from [com.google.firebase:firebase-common:9.6.1] AndroidManifest.xml:4:5-7:19
MERGED from [com.google.android.gms:play-services-gass:9.6.1] AndroidManifest.xml:4:5-19
MERGED from [com.google.android.gms:play-services-gass:9.6.1] AndroidManifest.xml:4:5-19
MERGED from [com.google.android.gms:play-services-tasks:9.6.1] AndroidManifest.xml:4:5-19
MERGED from [com.google.android.gms:play-services-tasks:9.6.1] AndroidManifest.xml:4:5-19
MERGED from [com.google.android.gms:play-services-basement:9.6.1] AndroidManifest.xml:19:5-21:19
MERGED from [com.google.android.gms:play-services-basement:9.6.1] AndroidManifest.xml:19:5-21:19
MERGED from [com.android.support:palette-v7:24.0.0] AndroidManifest.xml:22:5-23:19
MERGED from [com.android.support:palette-v7:24.0.0] AndroidManifest.xml:22:5-23:19
MERGED from [com.android.support:animated-vector-drawable:24.0.0] AndroidManifest.xml:22:5-20
MERGED from [com.android.support:animated-vector-drawable:24.0.0] AndroidManifest.xml:22:5-20
MERGED from [com.android.support:support-vector-drawable:24.0.0] AndroidManifest.xml:23:5-20
MERGED from [com.android.support:support-vector-drawable:24.0.0] AndroidManifest.xml:23:5-20
MERGED from [com.android.support:support-v4:24.0.0] AndroidManifest.xml:25:5-20
MERGED from [com.android.support:support-v4:24.0.0] AndroidManifest.xml:25:5-20
	android:label
		ADDED from src/main/AndroidManifest.xml:49:9-41
	tools:ignore
		ADDED from src/main/AndroidManifest.xml:52:9-48
	android:icon
		ADDED from src/main/AndroidManifest.xml:48:9-48
	android:theme
		ADDED from src/main/AndroidManifest.xml:51:9-40
	android:name
		ADDED from src/main/AndroidManifest.xml:50:9-68
meta-data#com.google.android.maps.v2.API_KEY
ADDED from src/main/AndroidManifest.xml:53:9-55:71
	android:value
		ADDED from src/main/AndroidManifest.xml:55:13-68
	android:name
		ADDED from src/main/AndroidManifest.xml:54:13-62
meta-data#com.google.android.gms.version
ADDED from src/main/AndroidManifest.xml:56:9-58:69
MERGED from [com.google.android.gms:play-services-basement:9.6.1] AndroidManifest.xml:20:9-121
MERGED from [com.google.android.gms:play-services-basement:9.6.1] AndroidManifest.xml:20:9-121
	android:value
		ADDED from src/main/AndroidManifest.xml:58:13-66
	android:name
		ADDED from src/main/AndroidManifest.xml:57:13-58
activity#com.compass.activity.SplashActivity
ADDED from src/main/AndroidManifest.xml:60:9-71:20
	android:screenOrientation
		ADDED from src/main/AndroidManifest.xml:65:13-49
	android:label
		ADDED from src/main/AndroidManifest.xml:64:13-56
	android:debuggable
		ADDED from src/main/AndroidManifest.xml:63:13-38
	android:configChanges
		ADDED from src/main/AndroidManifest.xml:62:13-63
	android:name
		ADDED from src/main/AndroidManifest.xml:61:13-63
intent-filter#action:name:android.intent.action.MAIN+category:name:android.intent.category.LAUNCHER
ADDED from src/main/AndroidManifest.xml:66:13-70:29
action#android.intent.action.MAIN
ADDED from src/main/AndroidManifest.xml:67:17-69
	android:name
		ADDED from src/main/AndroidManifest.xml:67:25-66
category#android.intent.category.LAUNCHER
ADDED from src/main/AndroidManifest.xml:69:17-77
	android:name
		ADDED from src/main/AndroidManifest.xml:69:27-74
receiver#com.google.android.gcm.GCMBroadcastReceiver
ADDED from src/main/AndroidManifest.xml:73:9-85:20
	android:permission
		ADDED from src/main/AndroidManifest.xml:75:13-73
	android:name
		ADDED from src/main/AndroidManifest.xml:74:13-71
intent-filter#action:name:com.google.android.c2dm.intent.RECEIVE+action:name:com.google.android.c2dm.intent.REGISTRATION+category:name:com.compass.ilogistics
ADDED from src/main/AndroidManifest.xml:76:13-84:29
action#com.google.android.c2dm.intent.RECEIVE
ADDED from src/main/AndroidManifest.xml:79:17-81
	android:name
		ADDED from src/main/AndroidManifest.xml:79:25-78
action#com.google.android.c2dm.intent.REGISTRATION
ADDED from src/main/AndroidManifest.xml:81:17-86
	android:name
		ADDED from src/main/AndroidManifest.xml:81:25-83
category#com.compass.ilogistics
ADDED from src/main/AndroidManifest.xml:83:17-67
	android:name
		ADDED from src/main/AndroidManifest.xml:83:27-64
activity#com.compass.activity.MainActivity
ADDED from src/main/AndroidManifest.xml:87:9-90:20
	android:screenOrientation
		ADDED from src/main/AndroidManifest.xml:89:13-49
	android:name
		ADDED from src/main/AndroidManifest.xml:88:13-61
activity#com.compass.activity.HomeActivity
ADDED from src/main/AndroidManifest.xml:91:9-94:20
	android:screenOrientation
		ADDED from src/main/AndroidManifest.xml:93:13-49
	android:name
		ADDED from src/main/AndroidManifest.xml:92:13-61
activity#com.compass.activity.LoginActivity
ADDED from src/main/AndroidManifest.xml:95:9-99:20
	android:screenOrientation
		ADDED from src/main/AndroidManifest.xml:98:13-49
	android:configChanges
		ADDED from src/main/AndroidManifest.xml:97:13-63
	android:name
		ADDED from src/main/AndroidManifest.xml:96:13-62
activity#com.compass.activity.SelectParamActivity
ADDED from src/main/AndroidManifest.xml:100:9-104:20
	android:screenOrientation
		ADDED from src/main/AndroidManifest.xml:103:13-49
	android:configChanges
		ADDED from src/main/AndroidManifest.xml:102:13-63
	android:name
		ADDED from src/main/AndroidManifest.xml:101:13-68
activity#com.compass.activity.HomeAdminActivity
ADDED from src/main/AndroidManifest.xml:105:9-109:20
	android:screenOrientation
		ADDED from src/main/AndroidManifest.xml:108:13-49
	android:configChanges
		ADDED from src/main/AndroidManifest.xml:107:13-63
	android:name
		ADDED from src/main/AndroidManifest.xml:106:13-66
activity#com.compass.activity.MenuListActivity
ADDED from src/main/AndroidManifest.xml:110:9-114:20
	android:screenOrientation
		ADDED from src/main/AndroidManifest.xml:113:13-49
	android:configChanges
		ADDED from src/main/AndroidManifest.xml:112:13-63
	android:name
		ADDED from src/main/AndroidManifest.xml:111:13-65
activity#com.compass.activity.RoutingListActivity
ADDED from src/main/AndroidManifest.xml:115:9-119:20
	android:screenOrientation
		ADDED from src/main/AndroidManifest.xml:118:13-49
	android:configChanges
		ADDED from src/main/AndroidManifest.xml:117:13-63
	android:name
		ADDED from src/main/AndroidManifest.xml:116:13-68
activity#com.compass.activity.CustomerListActivity
ADDED from src/main/AndroidManifest.xml:120:9-124:20
	android:screenOrientation
		ADDED from src/main/AndroidManifest.xml:123:13-49
	android:configChanges
		ADDED from src/main/AndroidManifest.xml:122:13-63
	android:name
		ADDED from src/main/AndroidManifest.xml:121:13-69
activity#com.compass.activity.InvoiceListActivity
ADDED from src/main/AndroidManifest.xml:125:9-129:20
	android:screenOrientation
		ADDED from src/main/AndroidManifest.xml:128:13-49
	android:configChanges
		ADDED from src/main/AndroidManifest.xml:127:13-63
	android:name
		ADDED from src/main/AndroidManifest.xml:126:13-68
activity#com.compass.activity.AllInvoiceListActivity
ADDED from src/main/AndroidManifest.xml:130:9-134:20
	android:screenOrientation
		ADDED from src/main/AndroidManifest.xml:133:13-49
	android:configChanges
		ADDED from src/main/AndroidManifest.xml:132:13-63
	android:name
		ADDED from src/main/AndroidManifest.xml:131:13-71
activity#com.compass.activity.RoutingDetailListActivity
ADDED from src/main/AndroidManifest.xml:135:9-139:20
	android:screenOrientation
		ADDED from src/main/AndroidManifest.xml:138:13-49
	android:configChanges
		ADDED from src/main/AndroidManifest.xml:137:13-63
	android:name
		ADDED from src/main/AndroidManifest.xml:136:13-74
activity#com.compass.activity.ProductListActivity